[debug] [2023-07-16T08:03:42.338Z] ----------------------------------------------------------------------
[debug] [2023-07-16T08:03:42.343Z] Command:       C:\Program Files\nodejs\node.exe C:\Users\root\AppData\Roaming\npm\node_modules\firebase-tools\lib\bin\firebase.js emulators:start
[debug] [2023-07-16T08:03:42.343Z] CLI Version:   12.4.4
[debug] [2023-07-16T08:03:42.344Z] Platform:      win32
[debug] [2023-07-16T08:03:42.344Z] Node Version:  v19.7.0
[debug] [2023-07-16T08:03:42.345Z] Time:          Sun Jul 16 2023 09:03:42 GMT+0100 (West Africa Standard Time)
[debug] [2023-07-16T08:03:42.345Z] ----------------------------------------------------------------------
[debug] 
[debug] [2023-07-16T08:03:42.516Z] > command requires scopes: ["email","openid","https://www.googleapis.com/auth/cloudplatformprojects.readonly","https://www.googleapis.com/auth/firebase","https://www.googleapis.com/auth/cloud-platform"]
[debug] [2023-07-16T08:03:42.517Z] > authorizing via signed-in user (jihedletaif225@gmail.com)
[info] i  emulators: Starting emulators: hosting {"metadata":{"emulator":{"name":"hub"},"message":"Starting emulators: hosting"}}
[warn] !  hub: emulator hub unable to start on port 4400, starting on 4401 instead. {"metadata":{"emulator":{"name":"hub"},"message":"emulator hub unable to start on port 4400, starting on 4401 instead."}}
[warn] !  logging: Logging Emulator unable to start on port 4500, starting on 4501 instead. {"metadata":{"emulator":{"name":"logging"},"message":"Logging Emulator unable to start on port 4500, starting on 4501 instead."}}
[debug] [2023-07-16T08:03:42.539Z] [logging] Logging Emulator only supports listening on one address (127.0.0.1). Not listening on ::1
[warn] !  hosting: Hosting Emulator unable to start on port 5000, starting on 5002 instead. {"metadata":{"emulator":{"name":"hosting"},"message":"Hosting Emulator unable to start on port 5000, starting on 5002 instead."}}
[debug] [2023-07-16T08:03:42.540Z] [hosting] Hosting Emulator only supports listening on one address (127.0.0.1). Not listening on ::1
[debug] [2023-07-16T08:03:42.541Z] assigned listening specs for emulators {"user":{"hub":[{"address":"127.0.0.1","family":"IPv4","port":4401},{"address":"::1","family":"IPv6","port":4401}],"logging":[{"address":"127.0.0.1","family":"IPv4","port":4501}],"hosting":[{"address":"127.0.0.1","family":"IPv4","port":5002}]},"metadata":{"message":"assigned listening specs for emulators"}}
[warn] !  emulators: It seems that you are running multiple instances of the emulator suite for project challenge-e04e5. This may result in unexpected behavior. 
[debug] [2023-07-16T08:03:42.567Z] [hub] writing locator at C:\Users\root\AppData\Local\Temp\hub-challenge-e04e5.json
[debug] [2023-07-16T08:03:42.599Z] >>> [apiv2][query] GET https://firebasehosting.googleapis.com/v1beta1/projects/challenge-e04e5/sites 
[debug] [2023-07-16T08:03:44.042Z] <<< [apiv2][status] GET https://firebasehosting.googleapis.com/v1beta1/projects/challenge-e04e5/sites 200
[debug] [2023-07-16T08:03:44.042Z] <<< [apiv2][body] GET https://firebasehosting.googleapis.com/v1beta1/projects/challenge-e04e5/sites {"sites":[{"name":"projects/challenge-e04e5/sites/challenge-e04e5","defaultUrl":"https://challenge-e04e5.web.app","appId":"1:1023952588207:web:a52aced867224687df735a","type":"DEFAULT_SITE"}]}
[debug] [2023-07-16T08:03:44.043Z] >>> [apiv2][query] GET https://firebase.googleapis.com/v1beta1/projects/challenge-e04e5/webApps/1:1023952588207:web:a52aced867224687df735a/config [none]
[debug] [2023-07-16T08:03:45.376Z] <<< [apiv2][status] GET https://firebase.googleapis.com/v1beta1/projects/challenge-e04e5/webApps/1:1023952588207:web:a52aced867224687df735a/config 200
[debug] [2023-07-16T08:03:45.377Z] <<< [apiv2][body] GET https://firebase.googleapis.com/v1beta1/projects/challenge-e04e5/webApps/1:1023952588207:web:a52aced867224687df735a/config {"projectId":"challenge-e04e5","appId":"1:1023952588207:web:a52aced867224687df735a","storageBucket":"challenge-e04e5.appspot.com","apiKey":"AIzaSyBpjkncul3IBYpvi0DfdA79x-u-hbJ45Vo","authDomain":"challenge-e04e5.firebaseapp.com","messagingSenderId":"1023952588207","measurementId":"G-CNJ9ZM6EWC"}
[debug] [2023-07-16T08:03:45.386Z] >>> [apiv2][query] GET https://firebase.googleapis.com/v1beta1/projects/challenge-e04e5 [none]
[debug] [2023-07-16T08:03:45.757Z] <<< [apiv2][status] GET https://firebase.googleapis.com/v1beta1/projects/challenge-e04e5 200
[debug] [2023-07-16T08:03:45.758Z] <<< [apiv2][body] GET https://firebase.googleapis.com/v1beta1/projects/challenge-e04e5 {"projectId":"challenge-e04e5","projectNumber":"1023952588207","displayName":"amazon-challenge","name":"projects/challenge-e04e5","resources":{"hostingSite":"challenge-e04e5"},"state":"ACTIVE","etag":"1_d1258f81-89d7-4da5-ae7b-f2e30aeaf581"}
[info] i  hosting[challenge-e04e5]: Serving hosting files from: public {"metadata":{"emulator":{"name":"hosting"},"message":"Serving hosting files from: \u001b[1mpublic\u001b[22m"}}
[info] +  hosting[challenge-e04e5]: Local server: http://127.0.0.1:5002 {"metadata":{"emulator":{"name":"hosting"},"message":"Local server: \u001b[4m\u001b[1mhttp://127.0.0.1:5002\u001b[22m\u001b[24m"}}
[warn] !  emulators: The Emulator UI is not starting, either because none of the running emulators have a UI component or the Emulator UI cannot determine the Project ID. Pass the --project flag to specify a project. {"metadata":{"emulator":{"name":"hub"},"message":"The Emulator UI is not starting, either because none of the running emulators have a UI component or the Emulator UI cannot determine the Project ID. Pass the --project flag to specify a project."}}
[info] 
┌─────────────────────────────────────────────────────────────┐
│ ✔  All emulators ready! It is now safe to connect your app. │
└─────────────────────────────────────────────────────────────┘

┌──────────┬────────────────┐
│ Emulator │ Host:Port      │
├──────────┼────────────────┤
│ Hosting  │ 127.0.0.1:5002 │
└──────────┴────────────────┘
  Emulator Hub running at 127.0.0.1:4401
  Other reserved ports: 4501

Issues? Report them at https://github.com/firebase/firebase-tools/issues and attach the *-debug.log files.
 
